<?xml version="1.0" encoding="UTF-8"?>
<beans xmlns="http://www.springframework.org/schema/beans" xmlns:xsi="http://www.w3.org/2001/XMLSchema-instance"
       xmlns:tx="http://www.springframework.org/schema/tx"
       xmlns:jpa="http://www.springframework.org/schema/data/jpa"
       xmlns:context="http://www.springframework.org/schema/context"
       xsi:schemaLocation="http://www.springframework.org/schema/beans http://www.springframework.org/schema/beans/spring-beans.xsd
       http://www.springframework.org/schema/data/jpa http://www.springframework.org/schema/data/jpa/spring-jpa.xsd
       http://www.springframework.org/schema/tx http://www.springframework.org/schema/tx/spring-tx-4.0.xsd
       http://www.springframework.org/schema/context http://www.springframework.org/schema/context/spring-context.xsd">

       <context:property-placeholder  location="classpath:config/jdbc.properties"/>

       <!-- DataSource! -->
       <bean id="dataSource" class="org.apache.commons.dbcp.BasicDataSource">
              <property name="driverClassName" value="${db.driver}" />
              <property name="url" value="${db.url}" />
              <property name="username" value="${db.username}" />
              <property name="password" value="${db.password}" />
              <property name="initialSize" value="5" />
              <property name="maxActive" value="10" />
              <property name="testOnBorrow" value="true" />
              <property name="timeBetweenEvictionRunsMillis" value="3600" />
              <property name="validationQuery" value="SELECT 1" />
       </bean>

       <!--Spring data jpa configuration -->
       <bean id="entityManagerFactory" class="org.springframework.orm.jpa.LocalContainerEntityManagerFactoryBean">
              <property name="dataSource" ref="dataSource"/>
              <property name="packagesToScan" value="com.anmi.mailclient.core.dao.entity"/>
              <property name="jpaVendorAdapter">
                     <bean class="org.springframework.orm.jpa.vendor.HibernateJpaVendorAdapter"/>
              </property>
              <property name="jpaProperties">
                     <props>
                            <prop key="hibernate.dialect">org.hibernate.dialect.PostgreSQL82Dialect</prop>
                            <prop key="hibernate.show_sql">false</prop>
                            <prop key="hibernate.hbm2ddl.auto">update</prop>
                     </props>
              </property>
       </bean>



       <jpa:repositories base-package="com.anmi.mailclient.core.dao"
                         entity-manager-factory-ref="entityManagerFactory"
                         transaction-manager-ref="transactionManager"/>

       <bean id="transactionManager" class="org.springframework.orm.jpa.JpaTransactionManager">
              <property name="entityManagerFactory" ref="entityManagerFactory"/>
       </bean>

       <tx:annotation-driven />


</beans>